<?xml version="1.0" encoding="UTF-8"?>
<coverage generated="1638133756095" clover="3.2.0">
  <project timestamp="1638133756095" name="All files">
    <metrics statements="42" coveredstatements="41" conditionals="11" coveredconditionals="9" methods="13" coveredmethods="13" elements="66" coveredelements="63" complexity="0" loc="42" ncloc="42" packages="2" files="6" classes="6"/>
    <package name="business-logic">
      <metrics statements="6" coveredstatements="6" conditionals="2" coveredconditionals="2" methods="2" coveredmethods="2"/>
      <file name="user.bl.js" path="C:\Users\hwtim\Desktop\Inforum\app\server\business-logic\user.bl.js">
        <metrics statements="6" coveredstatements="6" conditionals="2" coveredconditionals="2" methods="2" coveredmethods="2"/>
        <line num="1" count="1" type="stmt"/>
        <line num="2" count="1" type="stmt"/>
        <line num="5" count="1" type="stmt"/>
        <line num="6" count="2" type="cond" truecount="2" falsecount="0"/>
        <line num="7" count="1" type="stmt"/>
        <line num="9" count="1" type="stmt"/>
      </file>
    </package>
    <package name="models">
      <metrics statements="36" coveredstatements="35" conditionals="9" coveredconditionals="7" methods="11" coveredmethods="11"/>
      <file name="bank.js" path="C:\Users\hwtim\Desktop\Inforum\app\server\models\bank.js">
        <metrics statements="4" coveredstatements="4" conditionals="0" coveredconditionals="0" methods="2" coveredmethods="2"/>
        <line num="4" count="1" type="stmt"/>
        <line num="5" count="1" type="stmt"/>
        <line num="16" count="1" type="stmt"/>
        <line num="58" count="1" type="stmt"/>
      </file>
      <file name="campaign.js" path="C:\Users\hwtim\Desktop\Inforum\app\server\models\campaign.js">
        <metrics statements="4" coveredstatements="4" conditionals="0" coveredconditionals="0" methods="2" coveredmethods="2"/>
        <line num="4" count="1" type="stmt"/>
        <line num="5" count="1" type="stmt"/>
        <line num="16" count="1" type="stmt"/>
        <line num="65" count="1" type="stmt"/>
      </file>
      <file name="index.js" path="C:\Users\hwtim\Desktop\Inforum\app\server\models\index.js">
        <metrics statements="20" coveredstatements="19" conditionals="9" coveredconditionals="7" methods="3" coveredmethods="3"/>
        <line num="3" count="1" type="stmt"/>
        <line num="4" count="1" type="stmt"/>
        <line num="5" count="1" type="stmt"/>
        <line num="6" count="1" type="stmt"/>
        <line num="7" count="1" type="cond" truecount="2" falsecount="0"/>
        <line num="8" count="1" type="stmt"/>
        <line num="9" count="1" type="stmt"/>
        <line num="12" count="1" type="cond" truecount="1" falsecount="1"/>
        <line num="13" count="0" type="stmt"/>
        <line num="15" count="1" type="stmt"/>
        <line num="18" count="1" type="stmt"/>
        <line num="21" count="5" type="cond" truecount="3" falsecount="0"/>
        <line num="24" count="4" type="stmt"/>
        <line num="25" count="4" type="stmt"/>
        <line num="28" count="1" type="stmt"/>
        <line num="29" count="4" type="cond" truecount="1" falsecount="1"/>
        <line num="30" count="4" type="stmt"/>
        <line num="34" count="1" type="stmt"/>
        <line num="35" count="1" type="stmt"/>
        <line num="37" count="1" type="stmt"/>
      </file>
      <file name="post.js" path="C:\Users\hwtim\Desktop\Inforum\app\server\models\post.js">
        <metrics statements="4" coveredstatements="4" conditionals="0" coveredconditionals="0" methods="2" coveredmethods="2"/>
        <line num="4" count="1" type="stmt"/>
        <line num="5" count="1" type="stmt"/>
        <line num="16" count="1" type="stmt"/>
        <line num="78" count="1" type="stmt"/>
      </file>
      <file name="user.js" path="C:\Users\hwtim\Desktop\Inforum\app\server\models\user.js">
        <metrics statements="4" coveredstatements="4" conditionals="0" coveredconditionals="0" methods="2" coveredmethods="2"/>
        <line num="4" count="1" type="stmt"/>
        <line num="5" count="1" type="stmt"/>
        <line num="16" count="1" type="stmt"/>
        <line num="95" count="1" type="stmt"/>
      </file>
    </package>
  </project>
</coverage>
